2019-06-11 11:11:11,051 ERROR - 本地登录失败：com.icss.j2ee.login.LoginException: SSO|客户端登陆访问数据错误        
com.icss.j2ee.login.LoginException: SSO|客户端登陆访问数据错误
	at com.icss.resourceone.sdk.SdkSignOn.performLogin(SdkSignOn.java:154)
	at com.icss.j2ee.login.LoginHandler.login(Unknown Source)
	at com.icss.resourceone.sso.agent.SSOR1Agent.sdkLogin(SSOR1Agent.java:438)
	at com.icss.resourceone.sso.agent.SSOR1Agent.login(SSOR1Agent.java:420)
	at com.icss.resourceone.sso.client.SSOClient.doFilter(SSOClient.java:89)
	at org.apache.catalina.core.ApplicationFilterChain.internalDoFilter(ApplicationFilterChain.java:215)
	at org.apache.catalina.core.ApplicationFilterChain.doFilter(ApplicationFilterChain.java:188)
	at com.chinasofti.ro.bizframework.core.web.filter.LocaleFilter.doFilterInternal(Unknown Source)
	at org.springframework.web.filter.OncePerRequestFilter.doFilter(OncePerRequestFilter.java:76)
	at org.apache.catalina.core.ApplicationFilterChain.internalDoFilter(ApplicationFilterChain.java:215)
	at org.apache.catalina.core.ApplicationFilterChain.doFilter(ApplicationFilterChain.java:188)
	at com.icss.regieapp.common.filter.RedirectUrlFilter.doFilter(RedirectUrlFilter.java:121)
	at org.apache.catalina.core.ApplicationFilterChain.internalDoFilter(ApplicationFilterChain.java:215)
	at org.apache.catalina.core.ApplicationFilterChain.doFilter(ApplicationFilterChain.java:188)
	at org.springframework.web.filter.CharacterEncodingFilter.doFilterInternal(CharacterEncodingFilter.java:96)
	at org.springframework.web.filter.OncePerRequestFilter.doFilter(OncePerRequestFilter.java:76)
	at org.apache.catalina.core.ApplicationFilterChain.internalDoFilter(ApplicationFilterChain.java:215)
	at org.apache.catalina.core.ApplicationFilterChain.doFilter(ApplicationFilterChain.java:188)
	at com.chinasofti.ro.bizframework.core.web.filter.InitialFilter.doFilter(Unknown Source)
	at org.apache.catalina.core.ApplicationFilterChain.internalDoFilter(ApplicationFilterChain.java:215)
	at org.apache.catalina.core.ApplicationFilterChain.doFilter(ApplicationFilterChain.java:188)
	at org.apache.catalina.core.StandardWrapperValve.invoke(StandardWrapperValve.java:213)
	at org.apache.catalina.core.StandardContextValve.invoke(StandardContextValve.java:174)
	at org.apache.catalina.core.StandardHostValve.invoke(StandardHostValve.java:127)
	at org.apache.catalina.valves.ErrorReportValve.invoke(ErrorReportValve.java:117)
	at org.apache.catalina.core.StandardEngineValve.invoke(StandardEngineValve.java:108)
	at org.apache.catalina.connector.CoyoteAdapter.service(CoyoteAdapter.java:174)
	at org.apache.coyote.http11.Http11Processor.process(Http11Processor.java:874)
	at org.apache.coyote.http11.Http11BaseProtocol$Http11ConnectionHandler.processConnection(Http11BaseProtocol.java:665)
	at org.apache.tomcat.util.net.PoolTcpEndpoint.processSocket(PoolTcpEndpoint.java:528)
	at org.apache.tomcat.util.net.LeaderFollowerWorkerThread.runIt(LeaderFollowerWorkerThread.java:81)
	at org.apache.tomcat.util.threads.ThreadPool$ControlRunnable.run(ThreadPool.java:689)
	at java.lang.Thread.run(Thread.java:662)
2019-06-12 10:15:21,204 ERROR - RightFilter访问数据出错  RightFilter  [ RightFilter.doFilter ]RightFilter  error  
com.icss.j2ee.dao.DAOException: [jcc][t4][2030][11211][3.50.148] 在对连接的底层 socket、socket input stream 或 socket output stream 执行操作期间
发生通信错误。错误位置：Reply.fill()。消息：Connection reset。 ERRORCODE=-4297, SQLSTATE=08001
	at com.icss.j2ee.dao.SearchDAO.realFind(Unknown Source)
	at com.icss.j2ee.dao.SearchDAO.find(Unknown Source)
	at com.icss.j2ee.dao.DAOFactory.find(Unknown Source)
	at com.icss.resourceone.sdk.right.RightFilter.doFilter(RightFilter.java:205)
	at org.apache.catalina.core.ApplicationFilterChain.internalDoFilter(ApplicationFilterChain.java:215)
	at org.apache.catalina.core.ApplicationFilterChain.doFilter(ApplicationFilterChain.java:188)
	at com.icss.resourceone.sdk.SdkFilter.doFilter(SdkFilter.java:165)
	at org.apache.catalina.core.ApplicationFilterChain.internalDoFilter(ApplicationFilterChain.java:215)
	at org.apache.catalina.core.ApplicationFilterChain.doFilter(ApplicationFilterChain.java:188)
	at com.icss.resourceone.sso.client.SSOClient.doFilter(SSOClient.java:90)
	at org.apache.catalina.core.ApplicationFilterChain.internalDoFilter(ApplicationFilterChain.java:215)
	at org.apache.catalina.core.ApplicationFilterChain.doFilter(ApplicationFilterChain.java:188)
	at com.chinasofti.ro.bizframework.core.web.filter.LocaleFilter.doFilterInternal(Unknown Source)
	at org.springframework.web.filter.OncePerRequestFilter.doFilter(OncePerRequestFilter.java:76)
	at org.apache.catalina.core.ApplicationFilterChain.internalDoFilter(ApplicationFilterChain.java:215)
	at org.apache.catalina.core.ApplicationFilterChain.doFilter(ApplicationFilterChain.java:188)
	at com.icss.regieapp.common.filter.RedirectUrlFilter.doFilter(RedirectUrlFilter.java:130)
	at org.apache.catalina.core.ApplicationFilterChain.internalDoFilter(ApplicationFilterChain.java:215)
	at org.apache.catalina.core.ApplicationFilterChain.doFilter(ApplicationFilterChain.java:188)
	at org.springframework.web.filter.CharacterEncodingFilter.doFilterInternal(CharacterEncodingFilter.java:96)
	at org.springframework.web.filter.OncePerRequestFilter.doFilter(OncePerRequestFilter.java:76)
	at org.apache.catalina.core.ApplicationFilterChain.internalDoFilter(ApplicationFilterChain.java:215)
	at org.apache.catalina.core.ApplicationFilterChain.doFilter(ApplicationFilterChain.java:188)
	at com.chinasofti.ro.bizframework.core.web.filter.InitialFilter.doFilter(Unknown Source)
	at org.apache.catalina.core.ApplicationFilterChain.internalDoFilter(ApplicationFilterChain.java:215)
	at org.apache.catalina.core.ApplicationFilterChain.doFilter(ApplicationFilterChain.java:188)
	at org.apache.catalina.core.StandardWrapperValve.invoke(StandardWrapperValve.java:213)
	at org.apache.catalina.core.StandardContextValve.invoke(StandardContextValve.java:174)
	at org.apache.catalina.core.StandardHostValve.invoke(StandardHostValve.java:127)
	at org.apache.catalina.valves.ErrorReportValve.invoke(ErrorReportValve.java:117)
	at org.apache.catalina.core.StandardEngineValve.invoke(StandardEngineValve.java:108)
	at org.apache.catalina.connector.CoyoteAdapter.service(CoyoteAdapter.java:174)
	at org.apache.coyote.http11.Http11Processor.process(Http11Processor.java:874)
	at org.apache.coyote.http11.Http11BaseProtocol$Http11ConnectionHandler.processConnection(Http11BaseProtocol.java:665)
	at org.apache.tomcat.util.net.PoolTcpEndpoint.processSocket(PoolTcpEndpoint.java:528)
	at org.apache.tomcat.util.net.LeaderFollowerWorkerThread.runIt(LeaderFollowerWorkerThread.java:81)
	at org.apache.tomcat.util.threads.ThreadPool$ControlRunnable.run(ThreadPool.java:689)
	at java.lang.Thread.run(Thread.java:662)
