2019-06-05 19:05:14,765 ERROR - [ SdkFiltercontextFinalize ]AEF001     线程垃圾回收失败:[jcc][t4][10335][10366][3.50.148] 操作无效：连接已关闭。 ERRORCODE=-4470, SQLSTATE=08003        
com.ibm.db2.jcc.b.qm: [jcc][t4][10335][10366][3.50.148] 操作无效：连接已关闭。 ERRORCODE=-4470, SQLSTATE=08003
	at com.ibm.db2.jcc.b.wc.a(wc.java:544)
	at com.ibm.db2.jcc.b.wc.a(wc.java:53)
	at com.ibm.db2.jcc.b.wc.a(wc.java:115)
	at com.ibm.db2.jcc.b.eb.Vb(eb.java:4223)
	at com.ibm.db2.jcc.b.eb.getAutoCommit(eb.java:761)
	at org.enhydra.jdbc.standard.StandardXAConnectionHandle.close(StandardXAConnectionHandle.java:70)
	at com.icss.resourceone.sdk.SdkFilter.contextFinalize(SdkFilter.java:79)
	at com.icss.resourceone.sdk.SdkFilter.doFilter(SdkFilter.java:169)
	at org.apache.catalina.core.ApplicationFilterChain.internalDoFilter(ApplicationFilterChain.java:215)
	at org.apache.catalina.core.ApplicationFilterChain.doFilter(ApplicationFilterChain.java:188)
	at com.icss.j2ee.servlet.filter.ChangeReqEncoding.doFilter(Unknown Source)
	at org.apache.catalina.core.ApplicationFilterChain.internalDoFilter(ApplicationFilterChain.java:215)
	at org.apache.catalina.core.ApplicationFilterChain.doFilter(ApplicationFilterChain.java:188)
	at org.apache.catalina.core.StandardWrapperValve.invoke(StandardWrapperValve.java:213)
	at org.apache.catalina.core.StandardContextValve.invoke(StandardContextValve.java:174)
	at org.apache.catalina.core.StandardHostValve.invoke(StandardHostValve.java:127)
	at org.apache.catalina.valves.ErrorReportValve.invoke(ErrorReportValve.java:117)
	at org.apache.catalina.core.StandardEngineValve.invoke(StandardEngineValve.java:108)
	at org.apache.catalina.connector.CoyoteAdapter.service(CoyoteAdapter.java:174)
	at org.apache.coyote.http11.Http11Processor.process(Http11Processor.java:874)
	at org.apache.coyote.http11.Http11BaseProtocol$Http11ConnectionHandler.processConnection(Http11BaseProtocol.java:665)
	at org.apache.tomcat.util.net.PoolTcpEndpoint.processSocket(PoolTcpEndpoint.java:528)
	at org.apache.tomcat.util.net.LeaderFollowerWorkerThread.runIt(LeaderFollowerWorkerThread.java:81)
	at org.apache.tomcat.util.threads.ThreadPool$ControlRunnable.run(ThreadPool.java:689)
	at java.lang.Thread.run(Thread.java:662)
